[2019-08-05 04:24:40] local.ERROR: SQLSTATE[42000]: Syntax error or access violation: 1166 Incorrect column name 'debit_account ' (SQL: create table `companies` (`id` int unsigned not null auto_increment primary key, `name` varchar(30) not null, `description` text not null, `billet` smallint not null default '1', `cash` smallint not null default '1', `credit_card` smallint not null default '1', `debit_card` smallint not null default '1', `debit_account ` smallint not null default '1', `created_at` timestamp null, `updated_at` timestamp null) default character set utf8mb4 collate 'utf8mb4_unicode_ci') {"foo":"bar","exception":"[object] (Illuminate\\Database\\QueryException(code: 42000): SQLSTATE[42000]: Syntax error or access violation: 1166 Incorrect column name 'debit_account ' (SQL: create table `companies` (`id` int unsigned not null auto_increment primary key, `name` varchar(30) not null, `description` text not null, `billet` smallint not null default '1', `cash` smallint not null default '1', `credit_card` smallint not null default '1', `debit_card` smallint not null default '1', `debit_account ` smallint not null default '1', `created_at` timestamp null, `updated_at` timestamp null) default character set utf8mb4 collate 'utf8mb4_unicode_ci') at /home/avdesign/Projects/painel/vendor/laravel/framework/src/Illuminate/Database/Connection.php:664, PDOException(code: 42000): SQLSTATE[42000]: Syntax error or access violation: 1166 Incorrect column name 'debit_account ' at /home/avdesign/Projects/painel/vendor/laravel/framework/src/Illuminate/Database/Connection.php:458)
[stacktrace]
#0 /home/avdesign/Projects/painel/vendor/laravel/framework/src/Illuminate/Database/Connection.php(624): Illuminate\\Database\\Connection->runQueryCallback('create table `c...', Array, Object(Closure))
#1 /home/avdesign/Projects/painel/vendor/laravel/framework/src/Illuminate/Database/Connection.php(459): Illuminate\\Database\\Connection->run('create table `c...', Array, Object(Closure))
#2 /home/avdesign/Projects/painel/vendor/laravel/framework/src/Illuminate/Database/Schema/Blueprint.php(97): Illuminate\\Database\\Connection->statement('create table `c...')
#3 /home/avdesign/Projects/painel/vendor/laravel/framework/src/Illuminate/Database/Schema/Builder.php(278): Illuminate\\Database\\Schema\\Blueprint->build(Object(Illuminate\\Database\\MySqlConnection), Object(Illuminate\\Database\\Schema\\Grammars\\MySqlGrammar))
#4 /home/avdesign/Projects/painel/vendor/laravel/framework/src/Illuminate/Database/Schema/Builder.php(167): Illuminate\\Database\\Schema\\Builder->build(Object(Illuminate\\Database\\Schema\\Blueprint))
#5 /home/avdesign/Projects/painel/vendor/laravel/framework/src/Illuminate/Support/Facades/Facade.php(237): Illuminate\\Database\\Schema\\Builder->create('companies', Object(Closure))
#6 /home/avdesign/Projects/painel/database/migrations/2019_08_05_035920_create_companies_table.php(26): Illuminate\\Support\\Facades\\Facade::__callStatic('create', Array)
#7 /home/avdesign/Projects/painel/vendor/laravel/framework/src/Illuminate/Database/Migrations/Migrator.php(379): CreateCompaniesTable->up()
#8 /home/avdesign/Projects/painel/vendor/laravel/framework/src/Illuminate/Database/Migrations/Migrator.php(388): Illuminate\\Database\\Migrations\\Migrator->Illuminate\\Database\\Migrations\\{closure}()
#9 /home/avdesign/Projects/painel/vendor/laravel/framework/src/Illuminate/Database/Migrations/Migrator.php(195): Illuminate\\Database\\Migrations\\Migrator->runMigration(Object(CreateCompaniesTable), 'up')
#10 /home/avdesign/Projects/painel/vendor/laravel/framework/src/Illuminate/Database/Migrations/Migrator.php(162): Illuminate\\Database\\Migrations\\Migrator->runUp('/home/avdesign/...', 8, false)
#11 /home/avdesign/Projects/painel/vendor/laravel/framework/src/Illuminate/Database/Migrations/Migrator.php(109): Illuminate\\Database\\Migrations\\Migrator->runPending(Array, Array)
#12 /home/avdesign/Projects/painel/vendor/laravel/framework/src/Illuminate/Database/Console/Migrations/MigrateCommand.php(71): Illuminate\\Database\\Migrations\\Migrator->run(Array, Array)
#13 [internal function]: Illuminate\\Database\\Console\\Migrations\\MigrateCommand->handle()
#14 /home/avdesign/Projects/painel/vendor/laravel/framework/src/Illuminate/Container/BoundMethod.php(32): call_user_func_array(Array, Array)
#15 /home/avdesign/Projects/painel/vendor/laravel/framework/src/Illuminate/Container/BoundMethod.php(90): Illuminate\\Container\\BoundMethod::Illuminate\\Container\\{closure}()
#16 /home/avdesign/Projects/painel/vendor/laravel/framework/src/Illuminate/Container/BoundMethod.php(34): Illuminate\\Container\\BoundMethod::callBoundMethod(Object(Illuminate\\Foundation\\Application), Array, Object(Closure))
#17 /home/avdesign/Projects/painel/vendor/laravel/framework/src/Illuminate/Container/Container.php(576): Illuminate\\Container\\BoundMethod::call(Object(Illuminate\\Foundation\\Application), Array, Array, NULL)
#18 /home/avdesign/Projects/painel/vendor/laravel/framework/src/Illuminate/Console/Command.php(183): Illuminate\\Container\\Container->call(Array)
#19 /home/avdesign/Projects/painel/vendor/symfony/console/Command/Command.php(255): Illuminate\\Console\\Command->execute(Object(Symfony\\Component\\Console\\Input\\ArgvInput), Object(Illuminate\\Console\\OutputStyle))
#20 /home/avdesign/Projects/painel/vendor/laravel/framework/src/Illuminate/Console/Command.php(170): Symfony\\Component\\Console\\Command\\Command->run(Object(Symfony\\Component\\Console\\Input\\ArgvInput), Object(Illuminate\\Console\\OutputStyle))
#21 /home/avdesign/Projects/painel/vendor/symfony/console/Application.php(921): Illuminate\\Console\\Command->run(Object(Symfony\\Component\\Console\\Input\\ArgvInput), Object(Symfony\\Component\\Console\\Output\\ConsoleOutput))
#22 /home/avdesign/Projects/painel/vendor/symfony/console/Application.php(273): Symfony\\Component\\Console\\Application->doRunCommand(Object(Illuminate\\Database\\Console\\Migrations\\MigrateCommand), Object(Symfony\\Component\\Console\\Input\\ArgvInput), Object(Symfony\\Component\\Console\\Output\\ConsoleOutput))
#23 /home/avdesign/Projects/painel/vendor/symfony/console/Application.php(149): Symfony\\Component\\Console\\Application->doRun(Object(Symfony\\Component\\Console\\Input\\ArgvInput), Object(Symfony\\Component\\Console\\Output\\ConsoleOutput))
#24 /home/avdesign/Projects/painel/vendor/laravel/framework/src/Illuminate/Console/Application.php(90): Symfony\\Component\\Console\\Application->run(Object(Symfony\\Component\\Console\\Input\\ArgvInput), Object(Symfony\\Component\\Console\\Output\\ConsoleOutput))
#25 /home/avdesign/Projects/painel/vendor/laravel/framework/src/Illuminate/Foundation/Console/Kernel.php(133): Illuminate\\Console\\Application->run(Object(Symfony\\Component\\Console\\Input\\ArgvInput), Object(Symfony\\Component\\Console\\Output\\ConsoleOutput))
#26 /home/avdesign/Projects/painel/artisan(37): Illuminate\\Foundation\\Console\\Kernel->handle(Object(Symfony\\Component\\Console\\Input\\ArgvInput), Object(Symfony\\Component\\Console\\Output\\ConsoleOutput))
#27 {main}
"} 
[2019-08-05 04:29:00] local.ERROR: SQLSTATE[42000]: Syntax error or access violation: 1166 Incorrect column name 'debit_account ' (SQL: create table `companies` (`id` int unsigned not null auto_increment primary key, `name` varchar(30) not null, `description` text not null, `billet` smallint null, `cash` smallint null, `credit_card` smallint null, `debit_card` smallint null, `debit_account ` smallint null, `created_at` timestamp null, `updated_at` timestamp null) default character set utf8mb4 collate 'utf8mb4_unicode_ci') {"foo":"bar","exception":"[object] (Illuminate\\Database\\QueryException(code: 42000): SQLSTATE[42000]: Syntax error or access violation: 1166 Incorrect column name 'debit_account ' (SQL: create table `companies` (`id` int unsigned not null auto_increment primary key, `name` varchar(30) not null, `description` text not null, `billet` smallint null, `cash` smallint null, `credit_card` smallint null, `debit_card` smallint null, `debit_account ` smallint null, `created_at` timestamp null, `updated_at` timestamp null) default character set utf8mb4 collate 'utf8mb4_unicode_ci') at /home/avdesign/Projects/painel/vendor/laravel/framework/src/Illuminate/Database/Connection.php:664, PDOException(code: 42000): SQLSTATE[42000]: Syntax error or access violation: 1166 Incorrect column name 'debit_account ' at /home/avdesign/Projects/painel/vendor/laravel/framework/src/Illuminate/Database/Connection.php:458)
[stacktrace]
#0 /home/avdesign/Projects/painel/vendor/laravel/framework/src/Illuminate/Database/Connection.php(624): Illuminate\\Database\\Connection->runQueryCallback('create table `c...', Array, Object(Closure))
#1 /home/avdesign/Projects/painel/vendor/laravel/framework/src/Illuminate/Database/Connection.php(459): Illuminate\\Database\\Connection->run('create table `c...', Array, Object(Closure))
#2 /home/avdesign/Projects/painel/vendor/laravel/framework/src/Illuminate/Database/Schema/Blueprint.php(97): Illuminate\\Database\\Connection->statement('create table `c...')
#3 /home/avdesign/Projects/painel/vendor/laravel/framework/src/Illuminate/Database/Schema/Builder.php(278): Illuminate\\Database\\Schema\\Blueprint->build(Object(Illuminate\\Database\\MySqlConnection), Object(Illuminate\\Database\\Schema\\Grammars\\MySqlGrammar))
#4 /home/avdesign/Projects/painel/vendor/laravel/framework/src/Illuminate/Database/Schema/Builder.php(167): Illuminate\\Database\\Schema\\Builder->build(Object(Illuminate\\Database\\Schema\\Blueprint))
#5 /home/avdesign/Projects/painel/vendor/laravel/framework/src/Illuminate/Support/Facades/Facade.php(237): Illuminate\\Database\\Schema\\Builder->create('companies', Object(Closure))
#6 /home/avdesign/Projects/painel/database/migrations/2019_08_05_035920_create_companies_table.php(26): Illuminate\\Support\\Facades\\Facade::__callStatic('create', Array)
#7 /home/avdesign/Projects/painel/vendor/laravel/framework/src/Illuminate/Database/Migrations/Migrator.php(379): CreateCompaniesTable->up()
#8 /home/avdesign/Projects/painel/vendor/laravel/framework/src/Illuminate/Database/Migrations/Migrator.php(388): Illuminate\\Database\\Migrations\\Migrator->Illuminate\\Database\\Migrations\\{closure}()
#9 /home/avdesign/Projects/painel/vendor/laravel/framework/src/Illuminate/Database/Migrations/Migrator.php(195): Illuminate\\Database\\Migrations\\Migrator->runMigration(Object(CreateCompaniesTable), 'up')
#10 /home/avdesign/Projects/painel/vendor/laravel/framework/src/Illuminate/Database/Migrations/Migrator.php(162): Illuminate\\Database\\Migrations\\Migrator->runUp('/home/avdesign/...', 8, false)
#11 /home/avdesign/Projects/painel/vendor/laravel/framework/src/Illuminate/Database/Migrations/Migrator.php(109): Illuminate\\Database\\Migrations\\Migrator->runPending(Array, Array)
#12 /home/avdesign/Projects/painel/vendor/laravel/framework/src/Illuminate/Database/Console/Migrations/MigrateCommand.php(71): Illuminate\\Database\\Migrations\\Migrator->run(Array, Array)
#13 [internal function]: Illuminate\\Database\\Console\\Migrations\\MigrateCommand->handle()
#14 /home/avdesign/Projects/painel/vendor/laravel/framework/src/Illuminate/Container/BoundMethod.php(32): call_user_func_array(Array, Array)
#15 /home/avdesign/Projects/painel/vendor/laravel/framework/src/Illuminate/Container/BoundMethod.php(90): Illuminate\\Container\\BoundMethod::Illuminate\\Container\\{closure}()
#16 /home/avdesign/Projects/painel/vendor/laravel/framework/src/Illuminate/Container/BoundMethod.php(34): Illuminate\\Container\\BoundMethod::callBoundMethod(Object(Illuminate\\Foundation\\Application), Array, Object(Closure))
#17 /home/avdesign/Projects/painel/vendor/laravel/framework/src/Illuminate/Container/Container.php(576): Illuminate\\Container\\BoundMethod::call(Object(Illuminate\\Foundation\\Application), Array, Array, NULL)
#18 /home/avdesign/Projects/painel/vendor/laravel/framework/src/Illuminate/Console/Command.php(183): Illuminate\\Container\\Container->call(Array)
#19 /home/avdesign/Projects/painel/vendor/symfony/console/Command/Command.php(255): Illuminate\\Console\\Command->execute(Object(Symfony\\Component\\Console\\Input\\ArgvInput), Object(Illuminate\\Console\\OutputStyle))
#20 /home/avdesign/Projects/painel/vendor/laravel/framework/src/Illuminate/Console/Command.php(170): Symfony\\Component\\Console\\Command\\Command->run(Object(Symfony\\Component\\Console\\Input\\ArgvInput), Object(Illuminate\\Console\\OutputStyle))
#21 /home/avdesign/Projects/painel/vendor/symfony/console/Application.php(921): Illuminate\\Console\\Command->run(Object(Symfony\\Component\\Console\\Input\\ArgvInput), Object(Symfony\\Component\\Console\\Output\\ConsoleOutput))
#22 /home/avdesign/Projects/painel/vendor/symfony/console/Application.php(273): Symfony\\Component\\Console\\Application->doRunCommand(Object(Illuminate\\Database\\Console\\Migrations\\MigrateCommand), Object(Symfony\\Component\\Console\\Input\\ArgvInput), Object(Symfony\\Component\\Console\\Output\\ConsoleOutput))
#23 /home/avdesign/Projects/painel/vendor/symfony/console/Application.php(149): Symfony\\Component\\Console\\Application->doRun(Object(Symfony\\Component\\Console\\Input\\ArgvInput), Object(Symfony\\Component\\Console\\Output\\ConsoleOutput))
#24 /home/avdesign/Projects/painel/vendor/laravel/framework/src/Illuminate/Console/Application.php(90): Symfony\\Component\\Console\\Application->run(Object(Symfony\\Component\\Console\\Input\\ArgvInput), Object(Symfony\\Component\\Console\\Output\\ConsoleOutput))
#25 /home/avdesign/Projects/painel/vendor/laravel/framework/src/Illuminate/Foundation/Console/Kernel.php(133): Illuminate\\Console\\Application->run(Object(Symfony\\Component\\Console\\Input\\ArgvInput), Object(Symfony\\Component\\Console\\Output\\ConsoleOutput))
#26 /home/avdesign/Projects/painel/artisan(37): Illuminate\\Foundation\\Console\\Kernel->handle(Object(Symfony\\Component\\Console\\Input\\ArgvInput), Object(Symfony\\Component\\Console\\Output\\ConsoleOutput))
#27 {main}
"} 
[2019-08-05 21:00:57] local.ERROR: SQLSTATE[42000]: Syntax error or access violation: 1075 Incorrect table definition; there can be only one auto column and it must be defined as a key (SQL: create table `order_items` (`id` bigint unsigned not null auto_increment primary key, `order_id` bigint unsigned not null, `user_id` bigint unsigned not null, `grid` varchar(30) not null, `quantity` tinyint not null, `image` varchar(200) not null, `color` varchar(50) not null, `code` varchar(50) not null, `profile` varchar(50) not null, `offer` tinyint not null, `percent` decimal(8, 2) not null, `price_card` decimal(8, 2) not null, `price_cash` decimal(8, 2) not null, `slug` varchar(200) not null, `kit` smallint not null, `kit_name` varchar(30) null, `name` varchar(50) not null, `category` varchar(50) not null, `section` varchar(50) not null, `brand` varchar(50) not null, `unit` double(8, 2) not null, `measure` varchar(30) not null, `declare` tinyint not null auto_increment primary key, `weight` double(5, 3) null, `width` tinyint null auto_increment primary key, `height` tinyint null auto_increment primary key, `length` tinyint null auto_increment primary key, `cost` decimal(8, 2) null, `created_at` timestamp null, `updated_at` timestamp null) default character set utf8mb4 collate 'utf8mb4_unicode_ci') {"foo":"bar","exception":"[object] (Illuminate\\Database\\QueryException(code: 42000): SQLSTATE[42000]: Syntax error or access violation: 1075 Incorrect table definition; there can be only one auto column and it must be defined as a key (SQL: create table `order_items` (`id` bigint unsigned not null auto_increment primary key, `order_id` bigint unsigned not null, `user_id` bigint unsigned not null, `grid` varchar(30) not null, `quantity` tinyint not null, `image` varchar(200) not null, `color` varchar(50) not null, `code` varchar(50) not null, `profile` varchar(50) not null, `offer` tinyint not null, `percent` decimal(8, 2) not null, `price_card` decimal(8, 2) not null, `price_cash` decimal(8, 2) not null, `slug` varchar(200) not null, `kit` smallint not null, `kit_name` varchar(30) null, `name` varchar(50) not null, `category` varchar(50) not null, `section` varchar(50) not null, `brand` varchar(50) not null, `unit` double(8, 2) not null, `measure` varchar(30) not null, `declare` tinyint not null auto_increment primary key, `weight` double(5, 3) null, `width` tinyint null auto_increment primary key, `height` tinyint null auto_increment primary key, `length` tinyint null auto_increment primary key, `cost` decimal(8, 2) null, `created_at` timestamp null, `updated_at` timestamp null) default character set utf8mb4 collate 'utf8mb4_unicode_ci') at /home/avdesign/Projects/painel/vendor/laravel/framework/src/Illuminate/Database/Connection.php:664, PDOException(code: 42000): SQLSTATE[42000]: Syntax error or access violation: 1075 Incorrect table definition; there can be only one auto column and it must be defined as a key at /home/avdesign/Projects/painel/vendor/laravel/framework/src/Illuminate/Database/Connection.php:458)
[stacktrace]
#0 /home/avdesign/Projects/painel/vendor/laravel/framework/src/Illuminate/Database/Connection.php(624): Illuminate\\Database\\Connection->runQueryCallback('create table `o...', Array, Object(Closure))
#1 /home/avdesign/Projects/painel/vendor/laravel/framework/src/Illuminate/Database/Connection.php(459): Illuminate\\Database\\Connection->run('create table `o...', Array, Object(Closure))
#2 /home/avdesign/Projects/painel/vendor/laravel/framework/src/Illuminate/Database/Schema/Blueprint.php(97): Illuminate\\Database\\Connection->statement('create table `o...')
#3 /home/avdesign/Projects/painel/vendor/laravel/framework/src/Illuminate/Database/Schema/Builder.php(278): Illuminate\\Database\\Schema\\Blueprint->build(Object(Illuminate\\Database\\MySqlConnection), Object(Illuminate\\Database\\Schema\\Grammars\\MySqlGrammar))
#4 /home/avdesign/Projects/painel/vendor/laravel/framework/src/Illuminate/Database/Schema/Builder.php(167): Illuminate\\Database\\Schema\\Builder->build(Object(Illuminate\\Database\\Schema\\Blueprint))
#5 /home/avdesign/Projects/painel/vendor/laravel/framework/src/Illuminate/Support/Facades/Facade.php(237): Illuminate\\Database\\Schema\\Builder->create('order_items', Object(Closure))
#6 /home/avdesign/Projects/painel/database/migrations/2019_05_21_125707_create_order_items_table.php(52): Illuminate\\Support\\Facades\\Facade::__callStatic('create', Array)
#7 /home/avdesign/Projects/painel/vendor/laravel/framework/src/Illuminate/Database/Migrations/Migrator.php(379): CreateOrderItemsTable->up()
#8 /home/avdesign/Projects/painel/vendor/laravel/framework/src/Illuminate/Database/Migrations/Migrator.php(388): Illuminate\\Database\\Migrations\\Migrator->Illuminate\\Database\\Migrations\\{closure}()
#9 /home/avdesign/Projects/painel/vendor/laravel/framework/src/Illuminate/Database/Migrations/Migrator.php(195): Illuminate\\Database\\Migrations\\Migrator->runMigration(Object(CreateOrderItemsTable), 'up')
#10 /home/avdesign/Projects/painel/vendor/laravel/framework/src/Illuminate/Database/Migrations/Migrator.php(162): Illuminate\\Database\\Migrations\\Migrator->runUp('/home/avdesign/...', 9, false)
#11 /home/avdesign/Projects/painel/vendor/laravel/framework/src/Illuminate/Database/Migrations/Migrator.php(109): Illuminate\\Database\\Migrations\\Migrator->runPending(Array, Array)
#12 /home/avdesign/Projects/painel/vendor/laravel/framework/src/Illuminate/Database/Console/Migrations/MigrateCommand.php(71): Illuminate\\Database\\Migrations\\Migrator->run(Array, Array)
#13 [internal function]: Illuminate\\Database\\Console\\Migrations\\MigrateCommand->handle()
#14 /home/avdesign/Projects/painel/vendor/laravel/framework/src/Illuminate/Container/BoundMethod.php(32): call_user_func_array(Array, Array)
#15 /home/avdesign/Projects/painel/vendor/laravel/framework/src/Illuminate/Container/BoundMethod.php(90): Illuminate\\Container\\BoundMethod::Illuminate\\Container\\{closure}()
#16 /home/avdesign/Projects/painel/vendor/laravel/framework/src/Illuminate/Container/BoundMethod.php(34): Illuminate\\Container\\BoundMethod::callBoundMethod(Object(Illuminate\\Foundation\\Application), Array, Object(Closure))
#17 /home/avdesign/Projects/painel/vendor/laravel/framework/src/Illuminate/Container/Container.php(576): Illuminate\\Container\\BoundMethod::call(Object(Illuminate\\Foundation\\Application), Array, Array, NULL)
#18 /home/avdesign/Projects/painel/vendor/laravel/framework/src/Illuminate/Console/Command.php(183): Illuminate\\Container\\Container->call(Array)
#19 /home/avdesign/Projects/painel/vendor/symfony/console/Command/Command.php(255): Illuminate\\Console\\Command->execute(Object(Symfony\\Component\\Console\\Input\\ArgvInput), Object(Illuminate\\Console\\OutputStyle))
#20 /home/avdesign/Projects/painel/vendor/laravel/framework/src/Illuminate/Console/Command.php(170): Symfony\\Component\\Console\\Command\\Command->run(Object(Symfony\\Component\\Console\\Input\\ArgvInput), Object(Illuminate\\Console\\OutputStyle))
#21 /home/avdesign/Projects/painel/vendor/symfony/console/Application.php(921): Illuminate\\Console\\Command->run(Object(Symfony\\Component\\Console\\Input\\ArgvInput), Object(Symfony\\Component\\Console\\Output\\ConsoleOutput))
#22 /home/avdesign/Projects/painel/vendor/symfony/console/Application.php(273): Symfony\\Component\\Console\\Application->doRunCommand(Object(Illuminate\\Database\\Console\\Migrations\\MigrateCommand), Object(Symfony\\Component\\Console\\Input\\ArgvInput), Object(Symfony\\Component\\Console\\Output\\ConsoleOutput))
#23 /home/avdesign/Projects/painel/vendor/symfony/console/Application.php(149): Symfony\\Component\\Console\\Application->doRun(Object(Symfony\\Component\\Console\\Input\\ArgvInput), Object(Symfony\\Component\\Console\\Output\\ConsoleOutput))
#24 /home/avdesign/Projects/painel/vendor/laravel/framework/src/Illuminate/Console/Application.php(90): Symfony\\Component\\Console\\Application->run(Object(Symfony\\Component\\Console\\Input\\ArgvInput), Object(Symfony\\Component\\Console\\Output\\ConsoleOutput))
#25 /home/avdesign/Projects/painel/vendor/laravel/framework/src/Illuminate/Foundation/Console/Kernel.php(133): Illuminate\\Console\\Application->run(Object(Symfony\\Component\\Console\\Input\\ArgvInput), Object(Symfony\\Component\\Console\\Output\\ConsoleOutput))
#26 /home/avdesign/Projects/painel/artisan(37): Illuminate\\Foundation\\Console\\Kernel->handle(Object(Symfony\\Component\\Console\\Input\\ArgvInput), Object(Symfony\\Component\\Console\\Output\\ConsoleOutput))
#27 {main}
"} 
